This file contains any messages produced by compilers while
running configure, to aid debugging if configure makes a mistake.

It was created by FoX configure 4.0.4, which was
generated by GNU Autoconf 2.61.  Invocation command line was

  $ /home/qichen/epw/siesta-md/siesta-3.2-pl-5/Src/FoX/configure VPATH=/home/qichen/epw/siesta-md/siesta-3.2-pl-5/Src/FoX FC=ifort FCFLAGS=-g -O2 --enable-wcml --enable-dummy

## --------- ##
## Platform. ##
## --------- ##

hostname = poetron
uname -m = x86_64
uname -r = 2.6.32-358.el6.x86_64
uname -s = Linux
uname -v = #1 SMP Tue Jan 29 11:47:41 EST 2013

/usr/bin/uname -p = unknown
/bin/uname -X     = unknown

/bin/arch              = x86_64
/usr/bin/arch -k       = unknown
/usr/convex/getsysinfo = unknown
/usr/bin/hostinfo      = unknown
/bin/machine           = unknown
/usr/bin/oslevel       = unknown
/bin/universe          = unknown

PATH: /home/qichen/intel/compilers_and_libraries/linux/mpi/intel64/bin
PATH: /home/qichen/intel/compilers_and_libraries/linux/bin/intel64
PATH: /home/qichen/scratch/ASEQE/interface/ase/ase/tools
PATH: /home/qichen/.local/bin
PATH: /home/qichen/epw/inelastica/bin
PATH: /cm/shared/apps/slurm/2.5.7/sbin
PATH: /cm/shared/apps/slurm/2.5.7/bin
PATH: /cm/shared/apps/hdf5_18/1.8.11/bin
PATH: /cm/shared/apps/netcdf/open64/64/4.3.0/bin/
PATH: /cm/shared/apps/phonopy/1.8.4.1/bin
PATH: /cm/shared/apps/vasp/5.3/bin
PATH: /cm/shared/apps/git/2.0.0/bin
PATH: /cm/shared/apps/qe/5.0.3/bin
PATH: /cm/shared/apps/gcc/4.8.1/bin
PATH: /usr/lib64/qt-3.3/bin
PATH: /usr/local/bin
PATH: /bin
PATH: /usr/bin
PATH: /usr/local/sbin
PATH: /usr/sbin
PATH: /sbin
PATH: /opt/ibutils/bin
PATH: /sbin
PATH: /usr/sbin
PATH: /opt/dell/srvadmin/bin
PATH: /home/qichen/bin


## ----------- ##
## Core tests. ##
## ----------- ##

configure:1749: checking build system type
configure:1767: result: x86_64-unknown-linux-gnu
configure:1789: checking host system type
configure:1804: result: x86_64-unknown-linux-gnu
configure:1941: checking for Fortran compiler version
configure:1944: ifort --version </dev/null >&5
ifort (IFORT) 18.0.0 20170811
Copyright (C) 1985-2017 Intel Corporation.  All rights reserved.

configure:1947: $? = 0
configure:1949: ifort -v </dev/null >&5
ifort version 18.0.0
configure:1952: $? = 0
configure:1954: ifort -V </dev/null >&5
Intel(R) Fortran Intel(R) 64 Compiler for applications running on Intel(R) 64, Version 18.0.0.128 Build 20170811
Copyright (C) 1985-2017 Intel Corporation.  All rights reserved.

configure:1957: $? = 0
configure:1970: checking for linker flag to name executables
configure:1978: $FC $ac_link_obj_flag""conftest$ac_exeext $FCFLAGS $LDFLAGS $FCFLAGS_SRCEXT conftest.$ac_ext $LIBS >&5
ifort: error #10236: File not found:  '/exe:conftest'
configure:1981: $? = 1
configure:1978: $FC $ac_link_obj_flag""conftest$ac_exeext $FCFLAGS $LDFLAGS $FCFLAGS_SRCEXT conftest.$ac_ext $LIBS >&5
ifort: error #10236: File not found:  'conftest'
configure:1981: $? = 1
configure:1978: $FC $ac_link_obj_flag""conftest$ac_exeext $FCFLAGS $LDFLAGS $FCFLAGS_SRCEXT conftest.$ac_ext $LIBS >&5
configure:1981: $? = 0
configure:1996: result: -o 
configure:2002: checking for Fortran compiler default output file name
configure:2029: $FC $ac_link_obj_flag""conftest$ac_exeext $FCFLAGS $LDFLAGS $FCFLAGS_SRCEXT conftest.$ac_ext $LIBS >&5
configure:2032: $? = 0
configure:2078: result: conftest
configure:2083: checking whether the Fortran compiler works
configure:2093: ./conftest
configure:2096: $? = 0
configure:2113: result: yes
configure:2120: checking whether we are cross compiling
configure:2122: result: no
configure:2125: checking for suffix of executables
configure:2132: $FC $ac_link_obj_flag""conftest$ac_exeext $FCFLAGS $LDFLAGS $FCFLAGS_SRCEXT conftest.$ac_ext $LIBS >&5
configure:2135: $? = 0
configure:2159: result: 
configure:2165: checking for suffix of object files
configure:2181: ifort -c -g -O2  conftest.f >&5
configure:2184: $? = 0
configure:2207: result: o
configure:2215: checking whether we are using the GNU Fortran compiler
configure:2234: ifort -c -g -O2  conftest.F >&5
conftest.F(3): error #5082: Syntax error, found END-OF-STATEMENT when expecting one of: => = . [ % ( :
       choke me
---------------^
compilation aborted for conftest.F (code 1)
configure:2240: $? = 1
configure: failed program was:
|       program main
| #ifndef __GNUC__
|        choke me
| #endif
| 
|       end
configure:2257: result: no
configure:2263: checking whether ifort accepts -g
configure:2280: ifort -c -g  conftest.f >&5
configure:2286: $? = 0
configure:2302: result: yes
configure:2331: checking for Fortran flag needed to allow free-form source for .f90 suffix
configure:2358: ifort -c -g -O2  conftest.f90 >&5
configure:2364: $? = 0
configure:2383: result: none
configure:2458: checking for gcc
configure:2474: found /cm/shared/apps/gcc/4.8.1/bin/gcc
configure:2485: result: gcc
configure:2723: checking for C compiler version
configure:2730: gcc --version >&5
gcc (GCC) 4.8.1
Copyright (C) 2013 Free Software Foundation, Inc.
This is free software; see the source for copying conditions.  There is NO
warranty; not even for MERCHANTABILITY or FITNESS FOR A PARTICULAR PURPOSE.

configure:2733: $? = 0
configure:2740: gcc -v >&5
Using built-in specs.
COLLECT_GCC=gcc
COLLECT_LTO_WRAPPER=/cm/shared/apps/gcc/4.8.1/libexec/gcc/x86_64-unknown-linux-gnu/4.8.1/lto-wrapper
Target: x86_64-unknown-linux-gnu
Configured with: ../gcc-4.8.1/configure --prefix=/cm/shared/apps/gcc/4.8.1 --enable-languages=c,c++,fortran --with-gmp-include=/usr/src/redhat/BUILD/gcc-4.8.1-obj/../gcc-4.8.1/our-gmp --with-gmp-lib=/usr/src/redhat/BUILD/gcc-4.8.1-obj/../gcc-4.8.1/our-gmp --with-mpc-include=/usr/src/redhat/BUILD/gcc-4.8.1-obj/../gcc-4.8.1/our-mpc/src --with-mpc-lib=/usr/src/redhat/BUILD/gcc-4.8.1-obj/../gcc-4.8.1/our-mpc/src/.libs --with-mpfr-include=/usr/src/redhat/BUILD/gcc-4.8.1-obj/../gcc-4.8.1/our-mpfr/src --with-mpfr-lib=/usr/src/redhat/BUILD/gcc-4.8.1-obj/../gcc-4.8.1/our-mpfr/src/.libs
Thread model: posix
gcc version 4.8.1 (GCC) 
configure:2743: $? = 0
configure:2750: gcc -V >&5
gcc: error: unrecognized command line option '-V'
gcc: fatal error: no input files
compilation terminated.
configure:2753: $? = 1
configure:2756: checking whether we are using the GNU C compiler
configure:2785: gcc -c   conftest.c >&5
configure:2791: $? = 0
configure:2808: result: yes
configure:2813: checking whether gcc accepts -g
configure:2843: gcc -c -g  conftest.c >&5
configure:2849: $? = 0
configure:2948: result: yes
configure:2965: checking for gcc option to accept ISO C89
configure:3039: gcc  -c -g -O2  conftest.c >&5
configure:3045: $? = 0
configure:3068: result: none needed
configure:3166: checking for fixed form Fortran preprocessor features
configure:3200: ifort -c   -g -O2 conftest.F >&5
configure:3206: $? = 0
configure:3320: ${FC-fc} $ac_link_obj_flag""conftest${ac_exeext} $FPPFLAGS $FPPFLAGS_SRCEXT $FCFLAGS $LDFLAGS conftest.$ac_ext $LIBS >&5
configure:3326: $? = 0
configure:3320: ${FC-fc} $ac_link_obj_flag""conftest${ac_exeext} $FPPFLAGS $FPPFLAGS_SRCEXT $FCFLAGS $LDFLAGS conftest.$ac_ext $LIBS >&5
ifort: command line warning #10157: ignoring option '-W'; argument is of wrong type
conftest.F(5): error #5082: Syntax error, found END-OF-STATEMENT when expecting one of: => = . [ % ( :
      syntax error
------------------^
compilation aborted for conftest.F (code 1)
configure:3326: $? = 1
configure: failed program was:
| 
|       program main
| 
| #ifndef OK
|       syntax error
| #endif
| 
|       end
configure:3320: ${FC-fc} $ac_link_obj_flag""conftest${ac_exeext} $FPPFLAGS $FPPFLAGS_SRCEXT $FCFLAGS $LDFLAGS conftest.$ac_ext $LIBS >&5
ifort: error #10236: File not found:  '/DOK'
conftest.F(5): error #5082: Syntax error, found END-OF-STATEMENT when expecting one of: => = . [ % ( :
      syntax error
------------------^
compilation aborted for conftest.F (code 1)
configure:3326: $? = 1
configure: failed program was:
| 
|       program main
| 
| #ifndef OK
|       syntax error
| #endif
| 
|       end
configure:3378: ${FC-fc} $ac_link_obj_flag""conftest${ac_exeext} $FPPFLAGS $FPPFLAGS_SRCEXT $FCFLAGS $LDFLAGS conftest.$ac_ext $LIBS >&5
configure:3384: $? = 0
configure:3541: ${FC-fc} $ac_link_obj_flag""conftest${ac_exeext} $FPPFLAGS $FPPFLAGS_SRCEXT $FCFLAGS $LDFLAGS conftest.$ac_ext $LIBS >&5
configure:3547: $? = 0
configure:3572: result: done.
configure:3576: checking whether ifort compiles programs with cpp directives
configure:3583: result: yes
configure:3589: checking whether ifort accepts -D
configure:3596: result: yes
configure:3601: checking whether ifort accepts -I
configure:3608: result: yes
configure:3641: checking whether ifort fulfils requested features
configure:3648: result: yes
configure:3652: checking preprocessing mode we may therefore use
configure:3658: result: direct
configure:4865: checking for Fortran flag needed to allow free-form preprocessed source for .F90 suffix
configure:4900: ifort -c -g -O2  conftest.F90 >&5
configure:4906: $? = 0
configure:4928: result: none
configure:5015: checking for ranlib
configure:5031: found /usr/bin/ranlib
configure:5042: result: ranlib
configure:5164: ifort seems to be a Intel compiler
configure:5311: checking for kind number produced by kind(1.0)
conftest.f(5): error #6684: This is an incorrect value for a kind type parameter in this context.   [KIND]
      real(kind=mysp), pointer :: y
-----------^
compilation aborted for conftest.f (code 1)
conftest.f(5): error #6684: This is an incorrect value for a kind type parameter in this context.   [KIND]
      real(kind=mysp), pointer :: y
-----------^
compilation aborted for conftest.f (code 1)
conftest.f(5): error #6684: This is an incorrect value for a kind type parameter in this context.   [KIND]
      real(kind=mysp), pointer :: y
-----------^
compilation aborted for conftest.f (code 1)
configure:5357: result: 4
configure:5368: checking for kind number produced by kind(1.0d0)
conftest.f(5): error #6684: This is an incorrect value for a kind type parameter in this context.   [KIND]
      real(kind=mysp), pointer :: y
-----------^
conftest.f(6): error #6795: The target must be of the same type and kind type parameters as the pointer.   [Y]
      y=>x
------^
compilation aborted for conftest.f (code 1)
conftest.f(5): error #6684: This is an incorrect value for a kind type parameter in this context.   [KIND]
      real(kind=mysp), pointer :: y
-----------^
conftest.f(6): error #6795: The target must be of the same type and kind type parameters as the pointer.   [Y]
      y=>x
------^
compilation aborted for conftest.f (code 1)
conftest.f(5): error #6684: This is an incorrect value for a kind type parameter in this context.   [KIND]
      real(kind=mysp), pointer :: y
-----------^
conftest.f(6): error #6795: The target must be of the same type and kind type parameters as the pointer.   [Y]
      y=>x
------^
compilation aborted for conftest.f (code 1)
conftest.f(6): error #6795: The target must be of the same type and kind type parameters as the pointer.   [Y]
      y=>x
------^
compilation aborted for conftest.f (code 1)
conftest.f(5): error #6684: This is an incorrect value for a kind type parameter in this context.   [KIND]
      real(kind=mysp), pointer :: y
-----------^
conftest.f(6): error #6795: The target must be of the same type and kind type parameters as the pointer.   [Y]
      y=>x
------^
compilation aborted for conftest.f (code 1)
conftest.f(5): error #6684: This is an incorrect value for a kind type parameter in this context.   [KIND]
      real(kind=mysp), pointer :: y
-----------^
conftest.f(6): error #6795: The target must be of the same type and kind type parameters as the pointer.   [Y]
      y=>x
------^
compilation aborted for conftest.f (code 1)
conftest.f(5): error #6684: This is an incorrect value for a kind type parameter in this context.   [KIND]
      real(kind=mysp), pointer :: y
-----------^
conftest.f(6): error #6795: The target must be of the same type and kind type parameters as the pointer.   [Y]
      y=>x
------^
compilation aborted for conftest.f (code 1)
configure:5414: result: 8
configure:5425: checking for kind number produced by selected_real_kind(6,34)
conftest.f(5): error #6684: This is an incorrect value for a kind type parameter in this context.   [KIND]
      real(kind=mysp), pointer :: y
-----------^
compilation aborted for conftest.f (code 1)
conftest.f(5): error #6684: This is an incorrect value for a kind type parameter in this context.   [KIND]
      real(kind=mysp), pointer :: y
-----------^
compilation aborted for conftest.f (code 1)
conftest.f(5): error #6684: This is an incorrect value for a kind type parameter in this context.   [KIND]
      real(kind=mysp), pointer :: y
-----------^
compilation aborted for conftest.f (code 1)
configure:5471: result: 4
configure:5482: checking for kind number produced by selected_real_kind(15,300)
conftest.f(5): error #6684: This is an incorrect value for a kind type parameter in this context.   [KIND]
      real(kind=mysp), pointer :: y
-----------^
conftest.f(6): error #6795: The target must be of the same type and kind type parameters as the pointer.   [Y]
      y=>x
------^
compilation aborted for conftest.f (code 1)
conftest.f(5): error #6684: This is an incorrect value for a kind type parameter in this context.   [KIND]
      real(kind=mysp), pointer :: y
-----------^
conftest.f(6): error #6795: The target must be of the same type and kind type parameters as the pointer.   [Y]
      y=>x
------^
compilation aborted for conftest.f (code 1)
conftest.f(5): error #6684: This is an incorrect value for a kind type parameter in this context.   [KIND]
      real(kind=mysp), pointer :: y
-----------^
conftest.f(6): error #6795: The target must be of the same type and kind type parameters as the pointer.   [Y]
      y=>x
------^
compilation aborted for conftest.f (code 1)
conftest.f(6): error #6795: The target must be of the same type and kind type parameters as the pointer.   [Y]
      y=>x
------^
compilation aborted for conftest.f (code 1)
conftest.f(5): error #6684: This is an incorrect value for a kind type parameter in this context.   [KIND]
      real(kind=mysp), pointer :: y
-----------^
conftest.f(6): error #6795: The target must be of the same type and kind type parameters as the pointer.   [Y]
      y=>x
------^
compilation aborted for conftest.f (code 1)
conftest.f(5): error #6684: This is an incorrect value for a kind type parameter in this context.   [KIND]
      real(kind=mysp), pointer :: y
-----------^
conftest.f(6): error #6795: The target must be of the same type and kind type parameters as the pointer.   [Y]
      y=>x
------^
compilation aborted for conftest.f (code 1)
conftest.f(5): error #6684: This is an incorrect value for a kind type parameter in this context.   [KIND]
      real(kind=mysp), pointer :: y
-----------^
conftest.f(6): error #6795: The target must be of the same type and kind type parameters as the pointer.   [Y]
      y=>x
------^
compilation aborted for conftest.f (code 1)
configure:5528: result: 8
configure:5554: checking how to compile a call to FLUSH
configure:5571: $FC $ac_link_obj_flag""conftest$ac_exeext $FCFLAGS $LDFLAGS $FCFLAGS_SRCEXT conftest.$ac_ext $LIBS >&5
configure:5577: $? = 0
configure:5713: result: default
configure:5725: checking how to compile a call to ABORT
configure:5742: $FC $ac_link_obj_flag""conftest$ac_exeext $FCFLAGS $LDFLAGS $FCFLAGS_SRCEXT conftest.$ac_ext $LIBS >&5
configure:5748: $? = 0
configure:5919: result: with argument
configure:5938: checking for EOR character used by ifort
configure:5957: $FC $ac_link_obj_flag""conftest$ac_exeext $FCFLAGS $LDFLAGS $FCFLAGS_SRCEXT conftest.$ac_ext $LIBS >&5
configure:5960: $? = 0
configure:5966: ./conftest
configure:5969: $? = 0
configure:6006: result: LF
configure:6018: checking for ASSOCIATED in restricted expression bug
configure:6040: ifort -c -g -O2   conftest.f >&5
conftest.f(4): catastrophic error: **Internal compiler error: internal abort** Please report this error along with the circumstances in which it occurred in a Software Problem Report.  Note: File and line given may not be explicit cause of this error.
compilation aborted for conftest.f (code 1)
configure:6046: $? = 1
configure: failed program was:
| 
|       function test_bug(a) result(b)
|       integer, pointer :: a
|       integer, dimension(merge(1, 2, associated(a))) :: b
|       b = 0
|       end function test_bug
| 
configure:6059: result: yes
configure:6102: checking for a BSD-compatible install
configure:6158: result: /usr/bin/install -c
configure:6169: checking for a thread-safe mkdir -p
configure:6208: result: /bin/mkdir -p
configure:6230: checking for flag to alter module search path
configure:6240: ifort -c -g -O2   conftest.f >&5
configure:6246: $? = 0
configure:6268: ifort -c -g -O2  /Iconftestdir  conftest.f >&5
ifort: error #10236: File not found:  '/Iconftestdir'
conftest.f(3): error #7002: Error in opening the compiled module file.  Check INCLUDE paths.   [CONFTEST]
       use conftest
-----------^
conftest.f(5): error #6404: This name does not have a type, and must have an explicit type.   [I]
       i = 0
-------^
compilation aborted for conftest.f (code 1)
configure:6274: $? = 1
configure: failed program was:
| 
|       subroutine test
|        use conftest
|        implicit none
|        i = 0
|       end subroutine test
| 
configure:6268: ifort -c -g -O2  -Iconftestdir  conftest.f >&5
configure:6274: $? = 0
configure:6291: result: -I
configure:6311: ifort -c -g -O2   conftest.f >&5
configure:6317: $? = 0
configure:6319: checking for suffix of module files
configure:6355: result: mod
configure:6357: checking whether module filenames are uppercased
configure:6359: result: no
configure:6504: creating ./config.status

## ---------------------- ##
## Running config.status. ##
## ---------------------- ##

This file was extended by FoX config.status 4.0.4, which was
generated by GNU Autoconf 2.61.  Invocation command line was

  CONFIG_FILES    = 
  CONFIG_HEADERS  = 
  CONFIG_LINKS    = 
  CONFIG_COMMANDS = 
  $ ./config.status 

on poetron

config.status:616: creating arch.make
config.status:616: creating FoX-config

## ---------------- ##
## Cache variables. ##
## ---------------- ##

ac_cv_FC_check_output_eol=LF
ac_cv_build=x86_64-unknown-linux-gnu
ac_cv_c_compiler_gnu=yes
ac_cv_env_CC_set=
ac_cv_env_CC_value=
ac_cv_env_CFLAGS_set=
ac_cv_env_CFLAGS_value=
ac_cv_env_CPPFLAGS_set=
ac_cv_env_CPPFLAGS_value=
ac_cv_env_CPP_set=
ac_cv_env_CPP_value=
ac_cv_env_FCFLAGS_set=set
ac_cv_env_FCFLAGS_value='-g -O2'
ac_cv_env_FC_set=set
ac_cv_env_FC_value=ifort
ac_cv_env_FPPFLAGS_set=
ac_cv_env_FPPFLAGS_value=
ac_cv_env_FPP_set=
ac_cv_env_FPP_value=
ac_cv_env_LDFLAGS_set=
ac_cv_env_LDFLAGS_value=
ac_cv_env_LIBS_set=
ac_cv_env_LIBS_value=
ac_cv_env_build_alias_set=
ac_cv_env_build_alias_value=
ac_cv_env_host_alias_set=
ac_cv_env_host_alias_value=
ac_cv_env_target_alias_set=
ac_cv_env_target_alias_value=
ac_cv_fc_compiler_gnu=no
ac_cv_fc_freeform_f90=none
ac_cv_fc_mod_path_flag=-I
ac_cv_fc_real_kind_dp=8
ac_cv_fc_real_kind_ieee_dp=8
ac_cv_fc_real_kind_ieee_sp=4
ac_cv_fc_real_kind_sp=4
ac_cv_fpp_build_rule=direct
ac_cv_fpp_fixedform_F=none
ac_cv_fpp_freeform_F90=none
ac_cv_host=x86_64-unknown-linux-gnu
ac_cv_objext=o
ac_cv_path_install='/usr/bin/install -c'
ac_cv_path_mkdir=/bin/mkdir
ac_cv_prog_ac_ct_CC=gcc
ac_cv_prog_ac_ct_RANLIB=ranlib
ac_cv_prog_cc_c89=
ac_cv_prog_cc_g=yes
ac_cv_prog_fc_cpp=yes
ac_cv_prog_fc_cpp_d=yes
ac_cv_prog_fc_cpp_i=yes
ac_cv_prog_fc_cpp_ok=yes
ac_cv_prog_fc_g=yes

## ----------------- ##
## Output variables. ##
## ----------------- ##

BUILD_TARGETS=' wcml_lib  '
CC='gcc'
CFLAGS='-g -O2'
CPP=''
CPPFLAGS=''
CYGPATH_W='echo'
DEFS='-DPACKAGE_NAME=\"FoX\" -DPACKAGE_TARNAME=\"fox\" -DPACKAGE_VERSION=\"4.0.4\" -DPACKAGE_STRING=\"FoX\ 4.0.4\" -DPACKAGE_BUGREPORT=\"tow@uszla.me.uk\"'
DP_KIND='8'
ECHO_C=''
ECHO_N='-n'
ECHO_T=''
EXEEXT=''
F90_RULE='$(FC) -c $(FFLAGS) $(INCFLAGS) $(FPPFLAGS) $(FPPFLAGS_free_F90) $< '
FC='ifort'
FCFLAGS='-g -O2 '
FCFLAGS_free_f90=''
FC_MODEXT='mod'
FC_MODUPPERCASE='no'
FC_MOD_FLAG='-I'
FFLAGS=''
FFLAGS_MPI=''
FPP=''
FPPDIRECT_FALSE='#'
FPPDIRECT_TRUE=''
FPPFLAGS=' -DDUMMYLIB -DFC_HAVE_FLUSH -DFC_HAVE_ABORT -DFC_ABORT_ARG -DFC_EOR_LF -DRESTRICTED_ASSOCIATED_BUG'
FPPFLAGS_DEF='-D'
FPPFLAGS_fixed_F=''
FPPFLAGS_free_F90=''
FPP_COMPILE_EXT='f90'
FPP_MAKE_FLAGS='$(DEFS) $(DEFAULT_INCLUDES) $(INCLUDES) $(CPPFLAGS)'
FPP_OUTPUT=' '
FPP_PREPROCESS_EXT='F90'
INSTALL_DATA='${INSTALL} -m 644'
INSTALL_PROGRAM='${INSTALL}'
INSTALL_SCRIPT='${INSTALL}'
LDFLAGS=''
LIBEXT='a'
LIBOBJS=''
LIBS=''
LINK_O_FLAG='-o '
LTLIBOBJS=''
OBJEXT='o'
OBJSDIR='/home/qichen/epw/siesta-md/siesta-3.2-pl-5/Obj/FoX/objs'
PACKAGE_BUGREPORT='tow@uszla.me.uk'
PACKAGE_NAME='FoX'
PACKAGE_STRING='FoX 4.0.4'
PACKAGE_TARNAME='fox'
PACKAGE_VERSION='4.0.4'
PATH_SEPARATOR=':'
RANLIB='ranlib'
SHELL='/bin/sh'
SP_KIND='4'
VPATH='/home/qichen/epw/siesta-md/siesta-3.2-pl-5/Src/FoX'
ac_ct_CC='gcc'
ac_ct_FC=''
bindir='${exec_prefix}/bin'
build='x86_64-unknown-linux-gnu'
build_alias=''
build_cpu='x86_64'
build_os='linux-gnu'
build_vendor='unknown'
datadir='${datarootdir}'
datarootdir='${prefix}/share'
docdir='${datarootdir}/doc/${PACKAGE_TARNAME}'
dvidir='${docdir}'
exec_prefix='${prefix}'
host='x86_64-unknown-linux-gnu'
host_alias=''
host_cpu='x86_64'
host_os='linux-gnu'
host_vendor='unknown'
htmldir='${docdir}'
includedir='${prefix}/include'
infodir='${datarootdir}/info'
libdir='${exec_prefix}/lib'
libexecdir='${exec_prefix}/libexec'
localedir='${datarootdir}/locale'
localstatedir='${prefix}/var'
mandir='${datarootdir}/man'
oldincludedir='/usr/include'
pdfdir='${docdir}'
prefix='/usr/local'
program_transform_name='s,x,x,'
psdir='${docdir}'
sbindir='${exec_prefix}/sbin'
sharedstatedir='${prefix}/com'
sysconfdir='${prefix}/etc'
target_alias=''

## ----------- ##
## confdefs.h. ##
## ----------- ##

#define PACKAGE_NAME "FoX"
#define PACKAGE_TARNAME "fox"
#define PACKAGE_VERSION "4.0.4"
#define PACKAGE_STRING "FoX 4.0.4"
#define PACKAGE_BUGREPORT "tow@uszla.me.uk"

configure: exit 0
